=== Started 2017-05-14T03-46-31-423 ===
[INFO ][03:46:31] 419 bad words loaded
[WARN ][03:46:31] User account "Local Administrator" disabled
[WARN ][03:46:31] User account "Local Moderator" disabled
[WARN ][03:46:31] User account "Local User" disabled
[INFO ][03:46:31] 0 user records loaded.
[INFO ][03:46:31] 0 IP ban records loaded.
[INFO ][03:46:31] [1m[32mMultiOgar-Edited 1.6.1[37m - An open source multi-protocol ogar server[0m
[INFO ][03:46:31] WebSocket: ws
[INFO ][03:46:31] Started stats server on port 88
[INFO ][03:46:31] Listening on port 8888
[INFO ][03:46:31] Current game mode is Free For All
[NONE ][03:46:31]   __  __       _ _   _  ___                        _____    _ _ _           _    _   __    _ 
 |  \/  |_   _| | |_(_)/ _ \  __ _  __ _ _ __     | ____|__| (_) |_ ___  __| |  / | / /_  / |
 | |\/| | | | | | __| | | | |/ _` |/ _` | '__|____|  _| / _` | | __/ _ \/ _` |  | || '_ \ | |
 | |  | | |_| | | |_| | |_| | (_| | (_| | | |_____| |__| (_| | | ||  __/ (_| |  | || (_) || |
 |_|  |_|\__,_|_|\__|_|\___/ \__, |\__,_|_|       |_____\__,_|_|\__\___|\__,_|  |_(_)___(_)_|
                             |___/                                                           
[NONE ][03:46:35] CONNECTED 127.0.0.1:59577, origin: "http://agar.io"
[NONE ][03:48:42] DISCONNECTED 127.0.0.1:59577, code: 1006, reason: "undefined", name: "мαfια༻一1k"
[NONE ][03:48:52] CONNECTED 127.0.0.1:59693, origin: "http://agar.io"
[NONE ][03:51:07] >kill 2
[NONE ][03:51:07] Killed Bad Clover and removed 1 cells
[NONE ][03:51:17] DISCONNECTED 127.0.0.1:59693, code: 1000, reason: "", name: "Bad Clover"
[NONE ][03:51:26] CONNECTED 127.0.0.1:59832, origin: "http://agar.io"
[NONE ][03:51:48] >mass 1 1000
[WARN ][03:51:48] That player ID is non-existant!
[NONE ][03:51:52] >mass 3 1000
[NONE ][03:51:52] Set mass of Bad Clover to 1000.000
[NONE ][03:51:59] >minion 3 100
[NONE ][03:51:59] Added 100 minions for Bad Clover
[NONE ][03:53:48] >mass 3 10000
[NONE ][03:53:48] Set mass of Bad Clover to 10000.000
[NONE ][03:55:59] >merge 3
[NONE ][03:55:59] Bad Clover is now force merging
[NONE ][03:56:06] >merge 3
[NONE ][03:56:06] Bad Clover is now force merging
[NONE ][03:56:13] >mass 3 10000
[NONE ][03:56:13] Set mass of Bad Clover to 10000.000
[NONE ][03:58:51] >spawnmass 3 100
[NONE ][03:58:51] Set spawnmass of Jade dragon to 100.000
[NONE ][04:02:37] >merge 3
[NONE ][04:02:37] Jade dragon is now force merging
[NONE ][04:02:40] >mass 3 10000
[NONE ][04:02:40] Set mass of Jade dragon to 10000.000
[NONE ][04:03:19] >merge 3
[NONE ][04:03:19] Jade dragon is now force merging
[NONE ][04:03:48] >reset
[WARN ][04:03:48] Removed 1157 nodes
[NONE ][04:03:58] >mass 3 15000
[NONE ][04:03:58] Set mass of Jade dragon to 15000.000
[NONE ][04:08:35] >merge 3
[NONE ][04:08:35] Jade dragon is now force merging
[NONE ][04:08:38] >mass 3 15000
[NONE ][04:08:38] Set mass of Jade dragon to 15000.000
[NONE ][04:08:45] >reset
[WARN ][04:08:45] Removed 1148 nodes
[NONE ][04:11:25] >mass 3 15000
[NONE ][04:11:25] Set mass of Jade dragon to 15000.000
[NONE ][04:13:30] >reset
[WARN ][04:13:30] Removed 1157 nodes
[NONE ][04:13:42] >mass 3 15000
[NONE ][04:13:42] Set mass of Jade dragon to 15000.000
[NONE ][04:14:17] >mass 3 15000
[NONE ][04:14:17] Set mass of Jade dragon to 15000.000
[NONE ][04:14:25] >mass 3 15000
[NONE ][04:14:25] Set mass of Jade dragon to 15000.000
[NONE ][04:14:29] >reset
[WARN ][04:14:29] Removed 791 nodes
[NONE ][04:14:36] >mass 3 15000
[NONE ][04:14:36] Set mass of Jade dragon to 15000.000
[NONE ][04:19:16] >reset
[WARN ][04:19:16] Removed 1162 nodes
[NONE ][04:19:39] >mass 3 15000
[NONE ][04:19:39] Set mass of Jade dragon to 15000.000
[NONE ][04:26:52] >reset
[WARN ][04:26:52] Removed 1146 nodes
[NONE ][04:27:34] >reset
[WARN ][04:27:34] Removed 1165 nodes
[NONE ][04:28:10] DISCONNECTED 127.0.0.1:59832, code: 1000, reason: "", name: "Cougar"
