=== Started 2017-05-10T01-55-55-911 ===
[INFO ][01:55:55] 419 bad words loaded
[WARN ][01:55:55] User account "Local Administrator" disabled
[WARN ][01:55:55] User account "Local Moderator" disabled
[WARN ][01:55:55] User account "Local User" disabled
[INFO ][01:55:55] 0 user records loaded.
[INFO ][01:55:55] 0 IP ban records loaded.
[INFO ][01:55:55] [1m[32mMultiOgar-Edited 1.6.1[37m - An open source multi-protocol ogar server[0m
[INFO ][01:55:55] WebSocket: ws
[INFO ][01:55:56] Started stats server on port 88
[INFO ][01:55:56] Listening on port 443
[INFO ][01:55:56] Current game mode is Free For All
[NONE ][01:55:56]   __  __       _ _   _  ___                        _____    _ _ _           _    _   __    _ 
 |  \/  |_   _| | |_(_)/ _ \  __ _  __ _ _ __     | ____|__| (_) |_ ___  __| |  / | / /_  / |
 | |\/| | | | | | __| | | | |/ _` |/ _` | '__|____|  _| / _` | | __/ _ \/ _` |  | || '_ \ | |
 | |  | | |_| | | |_| | |_| | (_| | (_| | | |_____| |__| (_| | | ||  __/ (_| |  | || (_) || |
 |_|  |_|\__,_|_|\__|_|\___/ \__, |\__,_|_|       |_____\__,_|_|\__\___|\__,_|  |_(_)___(_)_|
                             |___/                                                           
[NONE ][01:55:57] CONNECTED 127.0.0.1:64422, origin: "http://old.ogarul.io"
[NONE ][01:59:14] CONNECTED 127.0.0.1:64600, origin: "http://old.ogarul.io"
[NONE ][01:59:37] DISCONNECTED 127.0.0.1:64600, code: 1006, reason: "", name: "An unnamed cell"
[NONE ][02:00:23] >kill 1
[NONE ][02:00:23] Killed [goo.gl/spvAh1] and removed 1 cells
[NONE ][02:00:55] >kill 1
[NONE ][02:00:55] Killed An unnamed cell and removed 1 cells
[NONE ][02:01:07] >kill 1
[NONE ][02:01:07] Killed An unnamed cell and removed 1 cells
[NONE ][02:01:30] >kill 1
[NONE ][02:01:30] Killed f and removed 1 cells
[NONE ][02:01:45] >kill 1
[NONE ][02:01:45] Killed f and removed 1 cells
[NONE ][02:02:08] >kill 1
[NONE ][02:02:08] Killed [goo.gl/spvAh]f and removed 1 cells
[NONE ][02:02:41] >kill 1
[NONE ][02:02:41] Killed 1 and removed 1 cells
[NONE ][02:03:31] >kill 1
[NONE ][02:03:31] Killed [sas]1 and removed 1 cells
[NONE ][02:03:32] >kill 1
[NONE ][02:03:32] Killed [sas]1 and removed 0 cells
[NONE ][02:03:43] >spawnmass 1 100
[NONE ][02:03:43] Set spawnmass of ᗰᗩfiᗩ༻一0.9k ✌ to 100.000
[NONE ][02:03:49] >mass 1 10000
[NONE ][02:03:49] Set mass of ᗰᗩfiᗩ༻一0.9k ✌ to 10000.000
[NONE ][02:04:35] >minion 1 100
[NONE ][02:04:35] Added 100 minions for ᗰᗩfiᗩ༻一0.9k ✌
[NONE ][02:11:38] DISCONNECTED 127.0.0.1:64422, code: 1006, reason: "", name: "ᗰᗩfiᗩ༻一0.9k ✌"
