=== Started 2017-04-29T13-34-31-426 ===
[INFO ][13:34:31] 419 bad words loaded
[WARN ][13:34:31] User account "Local Administrator" disabled
[WARN ][13:34:31] User account "Local Moderator" disabled
[WARN ][13:34:31] User account "Local User" disabled
[INFO ][13:34:31] 0 user records loaded.
[INFO ][13:34:31] 0 IP ban records loaded.
[INFO ][13:34:31] [1m[32mMultiOgar-Edited 1.6.1[37m - An open source multi-protocol ogar server[0m
[INFO ][13:34:31] WebSocket: ws
[INFO ][13:34:31] Started stats server on port 88
[INFO ][13:34:31] Listening on port 8888
[INFO ][13:34:31] Current game mode is Free For All
[NONE ][13:34:31]   __  __       _ _   _  ___                        _____    _ _ _           _    _   __    _ 
 |  \/  |_   _| | |_(_)/ _ \  __ _  __ _ _ __     | ____|__| (_) |_ ___  __| |  / | / /_  / |
 | |\/| | | | | | __| | | | |/ _` |/ _` | '__|____|  _| / _` | | __/ _ \/ _` |  | || '_ \ | |
 | |  | | |_| | | |_| | |_| | (_| | (_| | | |_____| |__| (_| | | ||  __/ (_| |  | || (_) || |
 |_|  |_|\__,_|_|\__|_|\___/ \__, |\__,_|_|       |_____\__,_|_|\__\___|\__,_|  |_(_)___(_)_|
                             |___/                                                           
[NONE ][13:34:59] CONNECTED 127.0.0.1:49815, origin: "http://agar.io"
[NONE ][13:36:01] >minion 1 100
[NONE ][13:36:01] Added 100 minions for ÄÆ³NÎ”Ï»Ïƒ YT
[NONE ][13:39:52] >mass 1 1000
[NONE ][13:39:52] Set mass of ÄÆ³NÎ”Ï»Ïƒ YT to 1000.000
[NONE ][13:43:45] DISCONNECTED 127.0.0.1:49815, code: 1006, reason: "undefined", name: "ÄÆ³NÎ”Ï»Ïƒ YT"
