=== Started 2017-05-14T03-34-22-215 ===
[INFO ][03:34:22] 419 bad words loaded
[WARN ][03:34:22] User account "Local Administrator" disabled
[WARN ][03:34:22] User account "Local Moderator" disabled
[WARN ][03:34:22] User account "Local User" disabled
[INFO ][03:34:22] 0 user records loaded.
[INFO ][03:34:22] 0 IP ban records loaded.
[INFO ][03:34:22] [1m[32mMultiOgar-Edited 1.6.1[37m - An open source multi-protocol ogar server[0m
[INFO ][03:34:22] WebSocket: ws
[INFO ][03:34:22] Started stats server on port 88
[INFO ][03:34:22] Listening on port 443
[INFO ][03:34:22] Current game mode is Free For All
[NONE ][03:34:22]   __  __       _ _   _  ___                        _____    _ _ _           _    _   __    _ 
 |  \/  |_   _| | |_(_)/ _ \  __ _  __ _ _ __     | ____|__| (_) |_ ___  __| |  / | / /_  / |
 | |\/| | | | | | __| | | | |/ _` |/ _` | '__|____|  _| / _` | | __/ _ \/ _` |  | || '_ \ | |
 | |  | | |_| | | |_| | |_| | (_| | (_| | | |_____| |__| (_| | | ||  __/ (_| |  | || (_) || |
 |_|  |_|\__,_|_|\__|_|\___/ \__, |\__,_|_|       |_____\__,_|_|\__\___|\__,_|  |_(_)___(_)_|
                             |___/                                                           
[NONE ][03:34:22] CONNECTED 127.0.0.1:59316, origin: "http://agar.io"
[NONE ][03:34:24] DISCONNECTED 127.0.0.1:59316, code: 1006, reason: "", name: ""
