=== Started 2017-04-29T23-10-16-345 ===
[INFO ][23:10:16] 419 bad words loaded
[WARN ][23:10:16] User account "Local Administrator" disabled
[WARN ][23:10:16] User account "Local Moderator" disabled
[WARN ][23:10:16] User account "Local User" disabled
[INFO ][23:10:16] 0 user records loaded.
[INFO ][23:10:16] 0 IP ban records loaded.
[INFO ][23:10:16] [1m[32mMultiOgar-Edited 1.6.1[37m - An open source multi-protocol ogar server[0m
[INFO ][23:10:16] WebSocket: ws
[INFO ][23:10:16] Started stats server on port 88
[INFO ][23:10:16] Listening on port 8888
[INFO ][23:10:16] Current game mode is Free For All
[NONE ][23:10:16]   __  __       _ _   _  ___                        _____    _ _ _           _    _   __    _ 
 |  \/  |_   _| | |_(_)/ _ \  __ _  __ _ _ __     | ____|__| (_) |_ ___  __| |  / | / /_  / |
 | |\/| | | | | | __| | | | |/ _` |/ _` | '__|____|  _| / _` | | __/ _ \/ _` |  | || '_ \ | |
 | |  | | |_| | | |_| | |_| | (_| | (_| | | |_____| |__| (_| | | ||  __/ (_| |  | || (_) || |
 |_|  |_|\__,_|_|\__|_|\___/ \__, |\__,_|_|       |_____\__,_|_|\__\___|\__,_|  |_(_)___(_)_|
                             |___/                                                           
[NONE ][23:10:34] CONNECTED 127.0.0.1:63211, origin: "http://agar.io"
[NONE ][23:10:47] DISCONNECTED 127.0.0.1:63211, code: 1000, reason: "", name: ""
[NONE ][23:10:48] CONNECTED 127.0.0.1:63217, origin: "http://agar.io"
[NONE ][23:11:00] DISCONNECTED 127.0.0.1:63217, code: 1006, reason: "", name: ""
[NONE ][23:11:08] CONNECTED 127.0.0.1:63238, origin: "http://agar.io"
[NONE ][23:11:19] >Mass 1 1000
[WARN ][23:11:19] That player ID is non-existant!
[NONE ][23:11:25] >mass 2 1000
[WARN ][23:11:25] That player ID is non-existant!
[NONE ][23:11:30] >mass 3 1000
[NONE ][23:11:30] Set mass of ᗰᗩfiᗩ༻一0.7k ✌ to 1000.000
[NONE ][23:11:35] >minion 3 1000
[NONE ][23:11:35] Added 1000 minions for ᗰᗩfiᗩ༻一0.7k ✌
[NONE ][23:11:58] >minion 3 
[NONE ][23:11:58] Succesfully removed minions for ᗰᗩfiᗩ༻一0.7k ✌
[NONE ][23:12:01] >minion 3 10
[NONE ][23:12:01] Added 10 minions for ᗰᗩfiᗩ༻一0.7k ✌
[NONE ][23:12:17] >merge 3
[NONE ][23:12:17] ᗰᗩfiᗩ༻一0.7k ✌ is now force merging
[NONE ][23:12:20] >mass 3 1000
[NONE ][23:12:20] Set mass of ᗰᗩfiᗩ༻一0.7k ✌ to 1000.000
[NONE ][23:15:27] DISCONNECTED 127.0.0.1:63238, code: 1006, reason: "", name: "ᗰᗩfiᗩ༻一0.7k ✌"
