=== Started 2017-04-28T23-03-20-386 ===
[INFO ][23:03:20] 419 bad words loaded
[WARN ][23:03:20] User account "Local Administrator" disabled
[WARN ][23:03:20] User account "Local Moderator" disabled
[WARN ][23:03:20] User account "Local User" disabled
[INFO ][23:03:20] 0 user records loaded.
[INFO ][23:03:20] 0 IP ban records loaded.
[INFO ][23:03:20] [1m[32mMultiOgar-Edited 1.6.1[37m - An open source multi-protocol ogar server[0m
[INFO ][23:03:20] WebSocket: ws
[INFO ][23:03:20] Started stats server on port 88
[INFO ][23:03:20] Listening on port 8888
[INFO ][23:03:20] Current game mode is Free For All
[NONE ][23:03:20]   __  __       _ _   _  ___                        _____    _ _ _           _    _   __    _ 
 |  \/  |_   _| | |_(_)/ _ \  __ _  __ _ _ __     | ____|__| (_) |_ ___  __| |  / | / /_  / |
 | |\/| | | | | | __| | | | |/ _` |/ _` | '__|____|  _| / _` | | __/ _ \/ _` |  | || '_ \ | |
 | |  | | |_| | | |_| | |_| | (_| | (_| | | |_____| |__| (_| | | ||  __/ (_| |  | || (_) || |
 |_|  |_|\__,_|_|\__|_|\___/ \__, |\__,_|_|       |_____\__,_|_|\__\___|\__,_|  |_(_)___(_)_|
                             |___/                                                           
[NONE ][23:03:37] CONNECTED 127.0.0.1:53380, origin: "http://agar.io"
[NONE ][23:04:29] >minion 1 100 DYN CLAN
[NONE ][23:04:29] Added 100 minions for âœ§ÆŠÆ³Æâœ§ÄÆ³NÎ”Ï»Ïƒ YT
[NONE ][23:05:57] DISCONNECTED 127.0.0.1:53380, code: 1006, reason: "", name: "âœ§ÆŠÆ³Æâœ§ÄÆ³NÎ”Ï»Ïƒ YT"
[NONE ][23:06:09] CONNECTED 25.56.159.206:53433, origin: "http://agar.io"
[NONE ][23:06:44] >minion 1 20 DYN CLAN
[NONE ][23:09:06] DISCONNECTED 25.56.159.206:53433, code: 1006, reason: "", name: "âœ§ÆŠÆ³Æâœ§ÄÆ³NÎ”Ï»Ïƒ YT"
[NONE ][23:09:18] CONNECTED 25.56.159.206:53621, origin: "http://agar.io"
[NONE ][23:12:06] CONNECTED 192.168.1.35:53747, origin: "http://agar.io"
[NONE ][23:12:36] DISCONNECTED 192.168.1.35:53747, code: 1006, reason: "", name: "âœ§ÆŠÆ³Æâœ§ÄÆ³NÎ”Ï»Ïƒ YT"
[NONE ][23:12:56] >minion 1 100 DYN CLAN BEST!
[NONE ][23:13:06] >minion 1 100 DYN CLAN BEST!
[NONE ][23:13:57] >minion 2 100 DYN CLAN
[NONE ][23:14:02] >minion 3 100 DYN CLAN
[NONE ][23:14:09] >minion 4 100 DYN CLAN
[NONE ][23:14:14] >help
[NONE ][23:14:14]                        â”Œâ”€â”€â”€â”€â”€â”€â”€â”€â”€â”€â”€â”€â”€â”€â”€â”€â”€â”€â”€â”€â”€â”€â”€â”€â”€â”€â”€â”€â”                       
                       â”‚ LIST OF AVAILABLE COMMANDS â”‚                       
â”Œâ”€â”€â”€â”€â”€â”€â”€â”€â”€â”€â”€â”€â”€â”€â”€â”€â”€â”€â”€â”€â”€â”€â”´â”€â”€â”€â”€â”€â”€â”€â”€â”€â”€â”€â”€â”€â”€â”€â”€â”€â”€â”€â”€â”€â”€â”€â”€â”€â”€â”€â”€â”´â”€â”€â”€â”€â”€â”€â”€â”€â”€â”€â”€â”€â”€â”€â”€â”€â”€â”€â”€â”€â”€â”€â”
â”‚                         ----Players and AI----                           â”‚
â”‚                                                                          â”‚
â”‚ playerlist                   â”‚ Get list of players, bots, ID's, etc      â”‚
â”‚ minion [PlayerID] [#] [name] â”‚ Adds suicide minions to the server        â”‚
â”‚ addbot [number]              â”‚ Adds bots to the server                   â”‚
â”‚ kickbot [number]             â”‚ Kick a number of bots - No value= all goneâ”‚
â”‚ kick [PlayerID]              â”‚ Kick player or bot by client ID           â”‚
â”‚ kickall                      â”‚ Kick all players and bots                 â”‚
â”‚ kill [PlayerID]              â”‚ Kill the player by client ID              â”‚
â”‚ killall                      â”‚ Kills everyone                            â”‚
â”‚                                                                          â”‚
â”‚                          ----Player Commands----                         â”‚
â”‚                                                                          â”‚
â”‚ spawn [entity] [pos] [mass]  â”‚ Spawns an entity                          â”‚
â”‚ mass [PlayerID] [mass]       â”‚ Set cell(s) mass by client ID             â”‚
â”‚ merge [PlayerID]             â”‚ Merge all client's cells                  â”‚
â”‚ spawnmass [PlayerID] [mass]  â”‚ Sets a player's spawn mass                â”‚
â”‚ freeze [PlayerID]            â”‚ Freezes a player                          â”‚
â”‚ speed [PlayerID]             â”‚ Sets a player's base speed                â”‚
â”‚ color [PlayerID] [R] [G] [B] â”‚ Set cell(s) color by client ID            â”‚
â”‚ name [PlayerID] [name]       â”‚ Change cell(s) name by client ID          â”‚
â”‚ skin [PlayerID] [string]     â”‚ Change cell(s) skin by client ID          â”‚
â”‚ rec [PlayerID]               â”‚ Gives a player instant-recombine + more   â”‚
â”‚ split [PlayerID] [Amount]    â”‚ Forces a player to split                  â”‚
â”‚ tp [X] [Y]                   â”‚ Teleports player(s) to XY coordinates     â”‚
â”‚ replace [PlayerID] [entity]  â”‚ Replaces a player with an entity          â”‚
â”‚ pop [PlayerID]               â”‚ Pops a player with a virus                â”‚
| explode [PlayerID]           | Explodes a player into ejected mass       |
â”‚                                                                          â”‚
â”‚                          ----Server Commands----                         â”‚
â”‚                                                                          â”‚
â”‚ pause                        â”‚ Pause game, freeze all nodes              â”‚
â”‚ board [string] [string] ...  â”‚ Set scoreboard text                       â”‚
â”‚ change [setting] [value]     â”‚ Change specified settings                 â”‚
â”‚ reload                       â”‚ Reload config, banlist, and role files    â”‚
â”‚ ban [PlayerID â”‚ IP]          â”‚ Bans a player(s) IP                       â”‚
â”‚ unban [IP]                   â”‚ Unbans an IP                              â”‚
â”‚ banlist                      â”‚ Get list of banned IPs.                   â”‚
â”‚ mute [PlayerID]              â”‚ Mute player from chat by client ID        â”‚
â”‚ unmute [PlayerID]            â”‚ Unmute player from chat by client ID      â”‚
| lms                          | Starts/ends last man standing             |
â”‚                                                                          â”‚
â”‚                          ----Miscellaneous----                           â”‚
â”‚                                                                          â”‚
â”‚ clear                        â”‚ Clear console output                      â”‚
â”‚ reset                        â”‚ Removes all nodes and reimplement them    â”‚
â”‚ status                       â”‚ Get server status                         â”‚
â”‚ debug                        â”‚ Get/check node lengths                    â”‚
â”‚ exit                         â”‚ Stops the server                          â”‚
â”‚ calc                         â”‚ Get size/mass from a specified value      â”‚
â”‚                                                                          â”‚
â”œâ”€â”€â”€â”€â”€â”€â”€â”€â”€â”€â”€â”€â”€â”€â”€â”€â”€â”€â”€â”€â”€â”€â”€â”€â”€â”€â”€â”€â”€â”€â”€â”€â”€â”€â”€â”€â”€â”€â”€â”€â”€â”€â”€â”€â”€â”€â”€â”€â”€â”€â”€â”€â”€â”€â”€â”€â”€â”€â”€â”€â”€â”€â”€â”€â”€â”€â”€â”€â”€â”€â”€â”€â”€â”€â”¤
â”‚         Psst! Do "shortcuts" for a list of command shortcuts!            â”‚
â””â”€â”€â”€â”€â”€â”€â”€â”€â”€â”€â”€â”€â”€â”€â”€â”€â”€â”€â”€â”€â”€â”€â”€â”€â”€â”€â”€â”€â”€â”€â”€â”€â”€â”€â”€â”€â”€â”€â”€â”€â”€â”€â”€â”€â”€â”€â”€â”€â”€â”€â”€â”€â”€â”€â”€â”€â”€â”€â”€â”€â”€â”€â”€â”€â”€â”€â”€â”€â”€â”€â”€â”€â”€â”€â”˜
[NONE ][23:14:17] >status
[NONE ][23:14:17] Connected players: 1/500
[NONE ][23:14:17] Players: 1 - Bots: 0
[NONE ][23:14:17] Average score: 540.42
[NONE ][23:14:17] Server has been running for a total of10 minutes
[NONE ][23:14:17] Current memory usage: 13.8/19 mb
[NONE ][23:14:17] Current game mode: Free For All
[NONE ][23:14:17] Current update time: 0.314 [ms]  (perfectly smooth)
[NONE ][23:14:28] >calc
[WARN ][23:14:28] Please specify a valid number!
[NONE ][23:14:31] >calc 1
[WARN ][23:14:31] Please specify either "toMass" or "toSize"
[NONE ][23:14:38] >calc 1 199 343
[WARN ][23:14:38] Please specify either "toMass" or "toSize"
[NONE ][23:14:47] >reload
[INFO ][23:14:47] 419 bad words loaded
[WARN ][23:14:47] User account "Local Administrator" disabled
[WARN ][23:14:47] User account "Local Moderator" disabled
[WARN ][23:14:47] User account "Local User" disabled
[INFO ][23:14:47] 0 user records loaded.
[INFO ][23:14:47] 0 IP ban records loaded.
[NONE ][23:14:47] Reloaded files successfully
[NONE ][23:14:53] >skin
[WARN ][23:14:53] Please specify a valid player ID and skin name!
[NONE ][23:14:59] >restart
[WARN ][23:14:59] Invalid Command!
[NONE ][23:15:02] >restart
[WARN ][23:15:02] Invalid Command!
[NONE ][23:15:04] >reset
[WARN ][23:15:04] Removed 2551 nodes
[NONE ][23:15:15] >minion 1 20 DYN CLAN
