=== Started 2017-04-29T23-15-50-729 ===
[INFO ][23:15:50] 419 bad words loaded
[WARN ][23:15:50] User account "Local Administrator" disabled
[WARN ][23:15:50] User account "Local Moderator" disabled
[WARN ][23:15:50] User account "Local User" disabled
[INFO ][23:15:50] 0 user records loaded.
[INFO ][23:15:50] 0 IP ban records loaded.
[INFO ][23:15:50] [1m[32mMultiOgar-Edited 1.6.1[37m - An open source multi-protocol ogar server[0m
[INFO ][23:15:50] WebSocket: ws
[INFO ][23:15:50] Started stats server on port 88
[INFO ][23:15:50] Listening on port 8888
[INFO ][23:15:50] Current game mode is Free For All
[NONE ][23:15:50]   __  __       _ _   _  ___                        _____    _ _ _           _    _   __    _ 
 |  \/  |_   _| | |_(_)/ _ \  __ _  __ _ _ __     | ____|__| (_) |_ ___  __| |  / | / /_  / |
 | |\/| | | | | | __| | | | |/ _` |/ _` | '__|____|  _| / _` | | __/ _ \/ _` |  | || '_ \ | |
 | |  | | |_| | | |_| | |_| | (_| | (_| | | |_____| |__| (_| | | ||  __/ (_| |  | || (_) || |
 |_|  |_|\__,_|_|\__|_|\___/ \__, |\__,_|_|       |_____\__,_|_|\__\___|\__,_|  |_(_)___(_)_|
                             |___/                                                           
[NONE ][23:16:03] CONNECTED 127.0.0.1:63360, origin: "http://agar.io"
[NONE ][23:17:05] >mass 1 10000
[NONE ][23:17:05] Set mass of ᗰᗩfiᗩ༻一0.7k ✌ to 10000.000
[NONE ][23:17:13] >minion 1 50
[NONE ][23:17:13] Added 50 minions for ᗰᗩfiᗩ༻一0.7k ✌
