=== Started 2017-05-14T03-39-57-938 ===
[INFO ][03:39:57] 419 bad words loaded
[WARN ][03:39:58] User account "Local Administrator" disabled
[WARN ][03:39:58] User account "Local Moderator" disabled
[WARN ][03:39:58] User account "Local User" disabled
[INFO ][03:39:58] 0 user records loaded.
[INFO ][03:39:58] 0 IP ban records loaded.
[INFO ][03:39:58] [1m[32mMultiOgar-Edited 1.6.1[37m - An open source multi-protocol ogar server[0m
[INFO ][03:39:58] WebSocket: ws
[INFO ][03:39:58] Started stats server on port 88
[INFO ][03:39:58] Listening on port 8888
[INFO ][03:39:58] Current game mode is Free For All
[NONE ][03:39:58]   __  __       _ _   _  ___                        _____    _ _ _           _    _   __    _ 
 |  \/  |_   _| | |_(_)/ _ \  __ _  __ _ _ __     | ____|__| (_) |_ ___  __| |  / | / /_  / |
 | |\/| | | | | | __| | | | |/ _` |/ _` | '__|____|  _| / _` | | __/ _ \/ _` |  | || '_ \ | |
 | |  | | |_| | | |_| | |_| | (_| | (_| | | |_____| |__| (_| | | ||  __/ (_| |  | || (_) || |
 |_|  |_|\__,_|_|\__|_|\___/ \__, |\__,_|_|       |_____\__,_|_|\__\___|\__,_|  |_(_)___(_)_|
                             |___/                                                           
[NONE ][03:39:59] CONNECTED 127.0.0.1:59496, origin: "http://agar.io"
[NONE ][03:40:13] DISCONNECTED 127.0.0.1:59496, code: 1006, reason: "", name: ""
[NONE ][03:40:22] CONNECTED 127.0.0.1:59530, origin: "http://agar.io"
[NONE ][03:41:04] >mass 1 10000
[WARN ][03:41:04] That player ID is non-existant!
[NONE ][03:41:08] >mass 2 10000
[NONE ][03:41:08] Set mass of ᗰᗩfiᗩ༻一0.9k ✌ to 10000.000
[NONE ][03:41:12] >minion 2 10000
[NONE ][03:41:14] Added 10000 minions for ᗰᗩfiᗩ༻一0.9k ✌
[NONE ][03:41:17] >minion 1 
[NONE ][03:41:20] >minion 2 
[NONE ][03:41:20] Succesfully removed minions for ᗰᗩfiᗩ༻一0.9k ✌
[NONE ][03:41:24] >minion 2 100
[NONE ][03:41:24] Added 100 minions for ᗰᗩfiᗩ༻一0.9k ✌
[NONE ][03:46:26] DISCONNECTED 127.0.0.1:59530, code: 1006, reason: "", name: "ᗰᗩfiᗩ༻一0.9k ✌"
