=== Started 2017-04-29T13-05-05-408 ===
[INFO ][13:05:05] 419 bad words loaded
[WARN ][13:05:05] User account "Local Administrator" disabled
[WARN ][13:05:05] User account "Local Moderator" disabled
[WARN ][13:05:05] User account "Local User" disabled
[INFO ][13:05:05] 0 user records loaded.
[INFO ][13:05:05] 0 IP ban records loaded.
[INFO ][13:05:05] [1m[32mMultiOgar-Edited 1.6.1[37m - An open source multi-protocol ogar server[0m
[INFO ][13:05:05] WebSocket: ws
[INFO ][13:05:06] Started stats server on port 88
[INFO ][13:05:06] Listening on port 8888
[INFO ][13:05:06] Current game mode is Experimental
[NONE ][13:05:06]   __  __       _ _   _  ___                        _____    _ _ _           _    _   __    _ 
 |  \/  |_   _| | |_(_)/ _ \  __ _  __ _ _ __     | ____|__| (_) |_ ___  __| |  / | / /_  / |
 | |\/| | | | | | __| | | | |/ _` |/ _` | '__|____|  _| / _` | | __/ _ \/ _` |  | || '_ \ | |
 | |  | | |_| | | |_| | |_| | (_| | (_| | | |_____| |__| (_| | | ||  __/ (_| |  | || (_) || |
 |_|  |_|\__,_|_|\__|_|\___/ \__, |\__,_|_|       |_____\__,_|_|\__\___|\__,_|  |_(_)___(_)_|
                             |___/                                                           
[NONE ][13:05:20] CONNECTED 127.0.0.1:49610, origin: "http://agar.io"
[NONE ][13:06:10] >mass 1 1000
[NONE ][13:06:10] Set mass of ÄÆ³NÎ”Ï»Ïƒ YT to 1000.000
[NONE ][13:07:10] DISCONNECTED 127.0.0.1:49610, code: 1006, reason: "", name: "ÄÆ³NÎ”Ï»Ïƒ YT"
[NONE ][13:07:24] CONNECTED 127.0.0.1:49642, origin: "http://agar.io"
[NONE ][13:07:30] >minion 1 10
[NONE ][13:07:33] >minion 2 10
[NONE ][13:07:33] Added 10 minions for ÄÆ³NÎ”Ï»Ïƒ YT
[NONE ][13:08:20] >mass 1 10000
[WARN ][13:08:20] That player ID is non-existant!
[NONE ][13:08:23] >mass 2 10000
[NONE ][13:08:23] Set mass of ÄÆ³NÎ”Ï»Ïƒ YT to 10000.000
