=== Started 2017-04-29T13-10-26-231 ===
[INFO ][13:10:26] 419 bad words loaded
[WARN ][13:10:26] User account "Local Administrator" disabled
[WARN ][13:10:26] User account "Local Moderator" disabled
[WARN ][13:10:26] User account "Local User" disabled
[INFO ][13:10:26] 0 user records loaded.
[INFO ][13:10:26] 0 IP ban records loaded.
[INFO ][13:10:26] [1m[32mMultiOgar-Edited 1.6.1[37m - An open source multi-protocol ogar server[0m
[INFO ][13:10:26] WebSocket: ws
[INFO ][13:10:26] Started stats server on port 88
[INFO ][13:10:26] Listening on port 8888
[INFO ][13:10:26] Current game mode is Experimental
[NONE ][13:10:26]   __  __       _ _   _  ___                        _____    _ _ _           _    _   __    _ 
 |  \/  |_   _| | |_(_)/ _ \  __ _  __ _ _ __     | ____|__| (_) |_ ___  __| |  / | / /_  / |
 | |\/| | | | | | __| | | | |/ _` |/ _` | '__|____|  _| / _` | | __/ _ \/ _` |  | || '_ \ | |
 | |  | | |_| | | |_| | |_| | (_| | (_| | | |_____| |__| (_| | | ||  __/ (_| |  | || (_) || |
 |_|  |_|\__,_|_|\__|_|\___/ \__, |\__,_|_|       |_____\__,_|_|\__\___|\__,_|  |_(_)___(_)_|
                             |___/                                                           
[NONE ][13:10:26] CONNECTED 127.0.0.1:49689, origin: "http://agar.io"
[NONE ][13:10:28] DISCONNECTED 127.0.0.1:49689, code: 1006, reason: "", name: ""
[NONE ][13:10:46] CONNECTED 127.0.0.1:49735, origin: "http://agar.io"
[NONE ][13:10:50] >skin 1 banana
[WARN ][13:10:50] That player ID (1) is non-existant!
[NONE ][13:10:55] >skin 2 banana
[NONE ][13:10:55] Player "An unnamed cell"'s skin is changed to banana
[NONE ][13:11:03] >skin 1 banana
[WARN ][13:11:03] That player ID (1) is non-existant!
[NONE ][13:11:37] >mass 1 1000
[WARN ][13:11:37] That player ID is non-existant!
[NONE ][13:11:42] >mass 2 1000
[NONE ][13:11:42] Set mass of ÄÆ³NÎ”Ï»Ïƒ YT to 1000.000
[NONE ][13:13:19] >mass 1 5000
[WARN ][13:13:19] That player ID is non-existant!
[NONE ][13:13:22] >mass 2 5000
[NONE ][13:13:22] Set mass of ÄÆ³NÎ”Ï»Ïƒ YT to 5000.000
[NONE ][13:14:31] >mass 1 1000
[WARN ][13:14:31] That player ID is non-existant!
[NONE ][13:14:34] >mass 2 1000
[NONE ][13:14:34] Set mass of ÄÆ³NÎ”Ï»Ïƒ YT to 1000.000
[NONE ][13:15:01] >mass 1 100000*
[WARN ][13:15:01] That player ID is non-existant!
[NONE ][13:15:04] >mass 2 20000
[NONE ][13:15:04] Set mass of ÄÆ³NÎ”Ï»Ïƒ YT to 20000.000
[NONE ][13:15:10] DISCONNECTED 127.0.0.1:49735, code: 1006, reason: "", name: "ÄÆ³NÎ”Ï»Ïƒ YT"
