=== Started 2017-04-28T22-45-45-576 ===
[INFO ][22:45:45] 419 bad words loaded
[WARN ][22:45:45] User account "Local Administrator" disabled
[WARN ][22:45:45] User account "Local Moderator" disabled
[WARN ][22:45:45] User account "Local User" disabled
[INFO ][22:45:45] 0 user records loaded.
[INFO ][22:45:45] 0 IP ban records loaded.
[INFO ][22:45:45] [1m[32mMultiOgar-Edited 1.6.1[37m - An open source multi-protocol ogar server[0m
[INFO ][22:45:45] WebSocket: ws
[INFO ][22:45:45] Started stats server on port 88
[INFO ][22:45:45] Listening on port 8888
[INFO ][22:45:45] Current game mode is Free For All
[NONE ][22:45:45]   __  __       _ _   _  ___                        _____    _ _ _           _    _   __    _ 
 |  \/  |_   _| | |_(_)/ _ \  __ _  __ _ _ __     | ____|__| (_) |_ ___  __| |  / | / /_  / |
 | |\/| | | | | | __| | | | |/ _` |/ _` | '__|____|  _| / _` | | __/ _ \/ _` |  | || '_ \ | |
 | |  | | |_| | | |_| | |_| | (_| | (_| | | |_____| |__| (_| | | ||  __/ (_| |  | || (_) || |
 |_|  |_|\__,_|_|\__|_|\___/ \__, |\__,_|_|       |_____\__,_|_|\__\___|\__,_|  |_(_)___(_)_|
                             |___/                                                           
[NONE ][22:46:01] CONNECTED 127.0.0.1:52805, origin: "http://agar.io"
[NONE ][22:46:50] DISCONNECTED 127.0.0.1:52805, code: 1000, reason: "", name: ""
[NONE ][22:46:51] CONNECTED 127.0.0.1:52808, origin: "http://agar.io"
[NONE ][22:46:54] DISCONNECTED 127.0.0.1:52808, code: 1006, reason: "", name: ""
[NONE ][22:47:05] CONNECTED 127.0.0.1:52840, origin: "http://agar.io"
[NONE ][22:47:22] >minion 1 20 </random<
[NONE ][22:47:25] >help
[NONE ][22:47:25]                        ┌────────────────────────────┐                       
                       │ LIST OF AVAILABLE COMMANDS │                       
┌──────────────────────┴────────────────────────────┴──────────────────────┐
│                         ----Players and AI----                           │
│                                                                          │
│ playerlist                   │ Get list of players, bots, ID's, etc      │
│ minion [PlayerID] [#] [name] │ Adds suicide minions to the server        │
│ addbot [number]              │ Adds bots to the server                   │
│ kickbot [number]             │ Kick a number of bots - No value= all gone│
│ kick [PlayerID]              │ Kick player or bot by client ID           │
│ kickall                      │ Kick all players and bots                 │
│ kill [PlayerID]              │ Kill the player by client ID              │
│ killall                      │ Kills everyone                            │
│                                                                          │
│                          ----Player Commands----                         │
│                                                                          │
│ spawn [entity] [pos] [mass]  │ Spawns an entity                          │
│ mass [PlayerID] [mass]       │ Set cell(s) mass by client ID             │
│ merge [PlayerID]             │ Merge all client's cells                  │
│ spawnmass [PlayerID] [mass]  │ Sets a player's spawn mass                │
│ freeze [PlayerID]            │ Freezes a player                          │
│ speed [PlayerID]             │ Sets a player's base speed                │
│ color [PlayerID] [R] [G] [B] │ Set cell(s) color by client ID            │
│ name [PlayerID] [name]       │ Change cell(s) name by client ID          │
│ skin [PlayerID] [string]     │ Change cell(s) skin by client ID          │
│ rec [PlayerID]               │ Gives a player instant-recombine + more   │
│ split [PlayerID] [Amount]    │ Forces a player to split                  │
│ tp [X] [Y]                   │ Teleports player(s) to XY coordinates     │
│ replace [PlayerID] [entity]  │ Replaces a player with an entity          │
│ pop [PlayerID]               │ Pops a player with a virus                │
| explode [PlayerID]           | Explodes a player into ejected mass       |
│                                                                          │
│                          ----Server Commands----                         │
│                                                                          │
│ pause                        │ Pause game, freeze all nodes              │
│ board [string] [string] ...  │ Set scoreboard text                       │
│ change [setting] [value]     │ Change specified settings                 │
│ reload                       │ Reload config, banlist, and role files    │
│ ban [PlayerID │ IP]          │ Bans a player(s) IP                       │
│ unban [IP]                   │ Unbans an IP                              │
│ banlist                      │ Get list of banned IPs.                   │
│ mute [PlayerID]              │ Mute player from chat by client ID        │
│ unmute [PlayerID]            │ Unmute player from chat by client ID      │
| lms                          | Starts/ends last man standing             |
│                                                                          │
│                          ----Miscellaneous----                           │
│                                                                          │
│ clear                        │ Clear console output                      │
│ reset                        │ Removes all nodes and reimplement them    │
│ status                       │ Get server status                         │
│ debug                        │ Get/check node lengths                    │
│ exit                         │ Stops the server                          │
│ calc                         │ Get size/mass from a specified value      │
│                                                                          │
├──────────────────────────────────────────────────────────────────────────┤
│         Psst! Do "shortcuts" for a list of command shortcuts!            │
└──────────────────────────────────────────────────────────────────────────┘
[NONE ][22:47:34] >minion 1 20 </random>
[NONE ][22:48:34] >minion 1 #20 
[NONE ][22:48:35] >help
[NONE ][22:48:35]                        ┌────────────────────────────┐                       
                       │ LIST OF AVAILABLE COMMANDS │                       
┌──────────────────────┴────────────────────────────┴──────────────────────┐
│                         ----Players and AI----                           │
│                                                                          │
│ playerlist                   │ Get list of players, bots, ID's, etc      │
│ minion [PlayerID] [#] [name] │ Adds suicide minions to the server        │
│ addbot [number]              │ Adds bots to the server                   │
│ kickbot [number]             │ Kick a number of bots - No value= all gone│
│ kick [PlayerID]              │ Kick player or bot by client ID           │
│ kickall                      │ Kick all players and bots                 │
│ kill [PlayerID]              │ Kill the player by client ID              │
│ killall                      │ Kills everyone                            │
│                                                                          │
│                          ----Player Commands----                         │
│                                                                          │
│ spawn [entity] [pos] [mass]  │ Spawns an entity                          │
│ mass [PlayerID] [mass]       │ Set cell(s) mass by client ID             │
│ merge [PlayerID]             │ Merge all client's cells                  │
│ spawnmass [PlayerID] [mass]  │ Sets a player's spawn mass                │
│ freeze [PlayerID]            │ Freezes a player                          │
│ speed [PlayerID]             │ Sets a player's base speed                │
│ color [PlayerID] [R] [G] [B] │ Set cell(s) color by client ID            │
│ name [PlayerID] [name]       │ Change cell(s) name by client ID          │
│ skin [PlayerID] [string]     │ Change cell(s) skin by client ID          │
│ rec [PlayerID]               │ Gives a player instant-recombine + more   │
│ split [PlayerID] [Amount]    │ Forces a player to split                  │
│ tp [X] [Y]                   │ Teleports player(s) to XY coordinates     │
│ replace [PlayerID] [entity]  │ Replaces a player with an entity          │
│ pop [PlayerID]               │ Pops a player with a virus                │
| explode [PlayerID]           | Explodes a player into ejected mass       |
│                                                                          │
│                          ----Server Commands----                         │
│                                                                          │
│ pause                        │ Pause game, freeze all nodes              │
│ board [string] [string] ...  │ Set scoreboard text                       │
│ change [setting] [value]     │ Change specified settings                 │
│ reload                       │ Reload config, banlist, and role files    │
│ ban [PlayerID │ IP]          │ Bans a player(s) IP                       │
│ unban [IP]                   │ Unbans an IP                              │
│ banlist                      │ Get list of banned IPs.                   │
│ mute [PlayerID]              │ Mute player from chat by client ID        │
│ unmute [PlayerID]            │ Unmute player from chat by client ID      │
| lms                          | Starts/ends last man standing             |
│                                                                          │
│                          ----Miscellaneous----                           │
│                                                                          │
│ clear                        │ Clear console output                      │
│ reset                        │ Removes all nodes and reimplement them    │
│ status                       │ Get server status                         │
│ debug                        │ Get/check node lengths                    │
│ exit                         │ Stops the server                          │
│ calc                         │ Get size/mass from a specified value      │
│                                                                          │
├──────────────────────────────────────────────────────────────────────────┤
│         Psst! Do "shortcuts" for a list of command shortcuts!            │
└──────────────────────────────────────────────────────────────────────────┘
[NONE ][22:48:58] >minion 1 20 DYN CLAN
[NONE ][22:49:08] >minion 2 20 DYN
[NONE ][22:49:11] >hlep
[WARN ][22:49:11] Invalid Command!
[NONE ][22:49:12] >help
[NONE ][22:49:12]                        ┌────────────────────────────┐                       
                       │ LIST OF AVAILABLE COMMANDS │                       
┌──────────────────────┴────────────────────────────┴──────────────────────┐
│                         ----Players and AI----                           │
│                                                                          │
│ playerlist                   │ Get list of players, bots, ID's, etc      │
│ minion [PlayerID] [#] [name] │ Adds suicide minions to the server        │
│ addbot [number]              │ Adds bots to the server                   │
│ kickbot [number]             │ Kick a number of bots - No value= all gone│
│ kick [PlayerID]              │ Kick player or bot by client ID           │
│ kickall                      │ Kick all players and bots                 │
│ kill [PlayerID]              │ Kill the player by client ID              │
│ killall                      │ Kills everyone                            │
│                                                                          │
│                          ----Player Commands----                         │
│                                                                          │
│ spawn [entity] [pos] [mass]  │ Spawns an entity                          │
│ mass [PlayerID] [mass]       │ Set cell(s) mass by client ID             │
│ merge [PlayerID]             │ Merge all client's cells                  │
│ spawnmass [PlayerID] [mass]  │ Sets a player's spawn mass                │
│ freeze [PlayerID]            │ Freezes a player                          │
│ speed [PlayerID]             │ Sets a player's base speed                │
│ color [PlayerID] [R] [G] [B] │ Set cell(s) color by client ID            │
│ name [PlayerID] [name]       │ Change cell(s) name by client ID          │
│ skin [PlayerID] [string]     │ Change cell(s) skin by client ID          │
│ rec [PlayerID]               │ Gives a player instant-recombine + more   │
│ split [PlayerID] [Amount]    │ Forces a player to split                  │
│ tp [X] [Y]                   │ Teleports player(s) to XY coordinates     │
│ replace [PlayerID] [entity]  │ Replaces a player with an entity          │
│ pop [PlayerID]               │ Pops a player with a virus                │
| explode [PlayerID]           | Explodes a player into ejected mass       |
│                                                                          │
│                          ----Server Commands----                         │
│                                                                          │
│ pause                        │ Pause game, freeze all nodes              │
│ board [string] [string] ...  │ Set scoreboard text                       │
│ change [setting] [value]     │ Change specified settings                 │
│ reload                       │ Reload config, banlist, and role files    │
│ ban [PlayerID │ IP]          │ Bans a player(s) IP                       │
│ unban [IP]                   │ Unbans an IP                              │
│ banlist                      │ Get list of banned IPs.                   │
│ mute [PlayerID]              │ Mute player from chat by client ID        │
│ unmute [PlayerID]            │ Unmute player from chat by client ID      │
| lms                          | Starts/ends last man standing             |
│                                                                          │
│                          ----Miscellaneous----                           │
│                                                                          │
│ clear                        │ Clear console output                      │
│ reset                        │ Removes all nodes and reimplement them    │
│ status                       │ Get server status                         │
│ debug                        │ Get/check node lengths                    │
│ exit                         │ Stops the server                          │
│ calc                         │ Get size/mass from a specified value      │
│                                                                          │
├──────────────────────────────────────────────────────────────────────────┤
│         Psst! Do "shortcuts" for a list of command shortcuts!            │
└──────────────────────────────────────────────────────────────────────────┘
[NONE ][22:49:31] >reset
[WARN ][22:49:31] Removed 1051 nodes
[NONE ][22:49:53] >mass 1 100
[WARN ][22:49:53] That player ID is non-existant!
[NONE ][22:49:56] >mass 2 100
[WARN ][22:49:56] That player ID is non-existant!
[NONE ][22:49:58] >mass 3 100
[NONE ][22:49:58] Set mass of Pro Team to 100.000
[NONE ][22:50:02] >mass 3 10000
[NONE ][22:50:02] Set mass of Pro Team to 10000.000
[NONE ][22:50:23] >minion 1 3 </random>
[NONE ][22:50:35] >minion 3 50 DYN CLAN
[NONE ][22:50:35] Added 50 minions for Pro Team
[NONE ][22:50:48] >minion 3 50 DYN CLAN
[NONE ][22:50:48] Added 50 minions for Pro Team
[NONE ][22:53:44] >minion 3 100 </random>
[NONE ][22:53:44] Added 100 minions for Pro Team
[NONE ][23:00:06] DISCONNECTED 127.0.0.1:52840, code: 1000, reason: "", name: "✧ƊƳƝ✧ĐƳNΔϻσ YT"
[NONE ][23:01:33] CONNECTED 127.0.0.1:53318, origin: "http://agar.io"
[NONE ][23:02:11] DISCONNECTED 127.0.0.1:53318, code: 1006, reason: "", name: "✧ƊƳƝ✧ĐƳNΔϻσ YT"
