=== Started 2017-05-10T01-49-48-785 ===
[INFO ][01:49:48] 419 bad words loaded
[WARN ][01:49:48] User account "Local Administrator" disabled
[WARN ][01:49:48] User account "Local Moderator" disabled
[WARN ][01:49:48] User account "Local User" disabled
[INFO ][01:49:48] 0 user records loaded.
[INFO ][01:49:48] 0 IP ban records loaded.
[INFO ][01:49:48] [1m[32mMultiOgar-Edited 1.6.1[37m - An open source multi-protocol ogar server[0m
[INFO ][01:49:48] WebSocket: ws
[INFO ][01:49:48] Started stats server on port 88
[INFO ][01:49:48] Listening on port 443
[INFO ][01:49:48] Current game mode is Free For All
[NONE ][01:49:48]   __  __       _ _   _  ___                        _____    _ _ _           _    _   __    _ 
 |  \/  |_   _| | |_(_)/ _ \  __ _  __ _ _ __     | ____|__| (_) |_ ___  __| |  / | / /_  / |
 | |\/| | | | | | __| | | | |/ _` |/ _` | '__|____|  _| / _` | | __/ _ \/ _` |  | || '_ \ | |
 | |  | | |_| | | |_| | |_| | (_| | (_| | | |_____| |__| (_| | | ||  __/ (_| |  | || (_) || |
 |_|  |_|\__,_|_|\__|_|\___/ \__, |\__,_|_|       |_____\__,_|_|\__\___|\__,_|  |_(_)___(_)_|
                             |___/                                                           
[NONE ][01:49:52] CONNECTED 127.0.0.1:64356, origin: "http://old.ogarul.io"
[NONE ][01:50:05] DISCONNECTED 127.0.0.1:64356, code: 1006, reason: "", name: "An unnamed cell"
