=== Started 2017-04-29T23-45-48-740 ===
[INFO ][23:45:48] 419 bad words loaded
[WARN ][23:45:48] User account "Local Administrator" disabled
[WARN ][23:45:48] User account "Local Moderator" disabled
[WARN ][23:45:48] User account "Local User" disabled
[INFO ][23:45:48] 0 user records loaded.
[INFO ][23:45:48] 0 IP ban records loaded.
[INFO ][23:45:48] [1m[32mMultiOgar-Edited 1.6.1[37m - An open source multi-protocol ogar server[0m
[INFO ][23:45:48] WebSocket: ws
[INFO ][23:45:48] Started stats server on port 88
[INFO ][23:45:48] Listening on port 8888
[INFO ][23:45:48] Current game mode is Free For All
[NONE ][23:45:48] CONNECTED 127.0.0.1:63753, origin: "http://agar.io"
[NONE ][23:45:48]   __  __       _ _   _  ___                        _____    _ _ _           _    _   __    _ 
 |  \/  |_   _| | |_(_)/ _ \  __ _  __ _ _ __     | ____|__| (_) |_ ___  __| |  / | / /_  / |
 | |\/| | | | | | __| | | | |/ _` |/ _` | '__|____|  _| / _` | | __/ _ \/ _` |  | || '_ \ | |
 | |  | | |_| | | |_| | |_| | (_| | (_| | | |_____| |__| (_| | | ||  __/ (_| |  | || (_) || |
 |_|  |_|\__,_|_|\__|_|\___/ \__, |\__,_|_|       |_____\__,_|_|\__\___|\__,_|  |_(_)___(_)_|
                             |___/                                                           
[NONE ][23:45:58] DISCONNECTED 127.0.0.1:63753, code: 1006, reason: "", name: ""
[NONE ][23:46:07] CONNECTED 127.0.0.1:63796, origin: "http://agar.io"
[NONE ][23:46:19] >mass 1 1000
[WARN ][23:46:19] That player ID is non-existant!
[NONE ][23:46:22] >mass 2 10000
[NONE ][23:46:22] Set mass of ᗰᗩfiᗩ༻一0.7k ✌ to 10000.000
[NONE ][23:46:31] >mass 2 4000
[NONE ][23:46:31] Set mass of ᗰᗩfiᗩ༻一0.7k ✌ to 4000.000
[NONE ][23:46:36] >mass 2 1
[NONE ][23:46:36] Set mass of ᗰᗩfiᗩ༻一0.7k ✌ to 1.000
[NONE ][23:46:48] >merge 2
[NONE ][23:46:48] ᗰᗩfiᗩ༻一0.7k ✌ is now force merging
[NONE ][23:46:56] >mass 2 1000
[NONE ][23:46:56] Set mass of ᗰᗩfiᗩ༻一0.7k ✌ to 1000.000
[NONE ][23:47:01] >mass 2 10000
[NONE ][23:47:01] Set mass of ᗰᗩfiᗩ༻一0.7k ✌ to 10000.000
[NONE ][23:47:09] >minion 2 50
[NONE ][23:47:09] Added 50 minions for ᗰᗩfiᗩ༻一0.7k ✌
[NONE ][23:52:54] DISCONNECTED 127.0.0.1:63796, code: 1006, reason: "", name: "ᗰᗩfiᗩ༻一0.7k ✌"
